<?xml version="1.0" encoding="UTF-8"?>
<!-- Generated by org.testng.reporters.JUnitReportReporter -->
<testsuite skipped="0" hostname="pallavi-testing" name="pack1.PrioritisingAndSequencingExample" tests="3" failures="0" timestamp="19 Jun 2019 08:29:44 GMT" time="0.039" errors="0">
  <testcase name="f2" time="0.035" classname="pack1.PrioritisingAndSequencingExample"/>
  <testcase name="f3" time="0.002" classname="pack1.PrioritisingAndSequencingExample"/>
  <testcase name="f" time="0.002" classname="pack1.PrioritisingAndSequencingExample"/>
</testsuite> <!-- pack1.PrioritisingAndSequencingExample -->
