<?xml version="1.0" encoding="UTF-8"?>
<!-- Generated by org.testng.reporters.JUnitReportReporter -->
<testsuite skipped="0" hostname="pallavi-testing" name="MultipleXmlPack.smoke2" tests="3" failures="0" timestamp="23 Jun 2019 09:18:35 GMT" time="0.019" errors="0">
  <testcase name="f5" time="0.006" classname="MultipleXmlPack.smoke2"/>
  <testcase name="f4" time="0.003" classname="MultipleXmlPack.smoke2"/>
  <testcase name="f3" time="0.010" classname="MultipleXmlPack.smoke2"/>
</testsuite> <!-- MultipleXmlPack.smoke2 -->
