<?xml version="1.0" encoding="UTF-8"?>
<!-- Generated by org.testng.reporters.JUnitReportReporter -->
<testsuite skipped="0" hostname="pallavi-testing" name="MultipleXmlPack.Regression" tests="3" failures="0" timestamp="23 Jun 2019 09:18:35 GMT" time="0.045" errors="0">
  <testcase name="f6" time="0.022" classname="MultipleXmlPack.Regression"/>
  <testcase name="f7" time="0.021" classname="MultipleXmlPack.Regression"/>
  <testcase name="f8" time="0.002" classname="MultipleXmlPack.Regression"/>
</testsuite> <!-- MultipleXmlPack.Regression -->
