<?xml version="1.0" encoding="UTF-8"?>
<!-- Generated by org.testng.reporters.JUnitReportReporter -->
<testsuite skipped="0" hostname="pallavi-testing" name="pack1.DependsONGroups" tests="3" failures="0" timestamp="19 Jun 2019 08:00:15 GMT" time="0.014" errors="0">
  <testcase name="f3" time="0.001" classname="pack1.DependsONGroups"/>
  <testcase name="f2" time="0.001" classname="pack1.DependsONGroups"/>
  <testcase name="f" time="0.012" classname="pack1.DependsONGroups"/>
</testsuite> <!-- pack1.DependsONGroups -->
