<?xml version="1.0" encoding="UTF-8"?>
<!-- Generated by org.testng.reporters.JUnitReportReporter -->
<testsuite skipped="0" hostname="pallavi-testing" name="pack1.DependsOnMethodsExample" tests="3" failures="0" timestamp="19 Jun 2019 07:58:04 GMT" time="0.043" errors="0">
  <testcase name="f2" time="0.008" classname="pack1.DependsOnMethodsExample"/>
  <testcase name="f" time="0.033" classname="pack1.DependsOnMethodsExample"/>
  <testcase name="f3" time="0.002" classname="pack1.DependsOnMethodsExample"/>
</testsuite> <!-- pack1.DependsOnMethodsExample -->
