<?xml version="1.0" encoding="UTF-8"?>
<!-- Generated by org.testng.reporters.JUnitReportReporter -->
<testsuite skipped="0" hostname="pallavi-testing" name="pack1.GroupsExample" tests="3" failures="0" timestamp="19 Jun 2019 07:42:37 GMT" time="0.005" errors="0">
  <testcase name="f2" time="0.002" classname="pack1.GroupsExample"/>
  <testcase name="f" time="0.002" classname="pack1.GroupsExample"/>
  <testcase name="ff" time="0.001" classname="pack1.GroupsExample"/>
</testsuite> <!-- pack1.GroupsExample -->
