<?xml version="1.0" encoding="UTF-8"?>
<!-- Generated by org.testng.reporters.JUnitReportReporter -->
<testsuite skipped="1" hostname="pallavi-testing" name="pack2.PrioritisingAndSequencingExample" tests="3" failures="0" timestamp="19 Jun 2019 09:07:44 GMT" time="0.038" errors="0">
  <testcase name="f3" time="0.030" classname="pack2.PrioritisingAndSequencingExample"/>
  <testcase name="f" time="0.008" classname="pack2.PrioritisingAndSequencingExample"/>
  <testcase name="f2" classname="pack2.PrioritisingAndSequencingExample">
    <skipped/>
  </testcase> <!-- f2 -->
</testsuite> <!-- pack2.PrioritisingAndSequencingExample -->
