<?xml version="1.0" encoding="UTF-8"?>
<!-- Generated by org.testng.reporters.JUnitReportReporter -->
<testsuite skipped="0" hostname="pallavi-testing" name="MultipleXmlPack.EndToEnd" tests="2" failures="0" timestamp="23 Jun 2019 09:11:45 GMT" time="0.028" errors="0">
  <testcase name="f10" time="0.022" classname="MultipleXmlPack.EndToEnd"/>
  <testcase name="f9" time="0.006" classname="MultipleXmlPack.EndToEnd"/>
</testsuite> <!-- MultipleXmlPack.EndToEnd -->
