<?xml version="1.0" encoding="UTF-8"?>
<!-- Generated by org.testng.reporters.JUnitReportReporter -->
<testsuite skipped="0" hostname="pallavi-testing" name="MultipleXmlPack.smoke" tests="2" failures="0" timestamp="23 Jun 2019 09:18:35 GMT" time="0.004" errors="0">
  <testcase name="f1" time="0.002" classname="MultipleXmlPack.smoke"/>
  <testcase name="f2" time="0.002" classname="MultipleXmlPack.smoke"/>
</testsuite> <!-- MultipleXmlPack.smoke -->
