<?xml version="1.0" encoding="UTF-8"?>
<!-- Generated by org.testng.reporters.JUnitReportReporter -->
<testsuite skipped="0" hostname="pallavi-testing" name="pack1.InvocationCountTestExample" tests="5" failures="0" timestamp="23 Jun 2019 05:21:55 GMT" time="0.021" errors="0">
  <testcase name="f" time="0.001" classname="pack1.InvocationCountTestExample"/>
  <testcase name="f" time="0.002" classname="pack1.InvocationCountTestExample"/>
  <testcase name="f" time="0.015" classname="pack1.InvocationCountTestExample"/>
  <testcase name="f" time="0.002" classname="pack1.InvocationCountTestExample"/>
  <testcase name="f" time="0.001" classname="pack1.InvocationCountTestExample"/>
</testsuite> <!-- pack1.InvocationCountTestExample -->
