<?xml version="1.0" encoding="UTF-8"?>
<!-- Generated by org.testng.reporters.JUnitReportReporter -->
<testsuite skipped="0" hostname="pallavi-testing" name="pack1.GroupsExample2" tests="1" failures="0" timestamp="19 Jun 2019 07:42:37 GMT" time="0.011" errors="0">
  <testcase name="f" time="0.011" classname="pack1.GroupsExample2"/>
</testsuite> <!-- pack1.GroupsExample2 -->
