<?xml version="1.0" encoding="UTF-8"?>
<!-- Generated by org.testng.reporters.JUnitReportReporter -->
<testsuite skipped="0" hostname="pallavi-testing" name="pack1.ExpectedExceptionExample" tests="1" failures="0" timestamp="23 Jun 2019 05:45:23 GMT" time="0.038" errors="0">
  <testcase name="f" time="0.038" classname="pack1.ExpectedExceptionExample"/>
</testsuite> <!-- pack1.ExpectedExceptionExample -->
