<?xml version="1.0" encoding="UTF-8"?>
<!-- Generated by org.testng.reporters.JUnitReportReporter -->
<testsuite skipped="0" hostname="pallavi-testing" name="pack1.DataProviderExample" tests="2" failures="0" timestamp="22 Jun 2019 13:06:09 GMT" time="26.151" errors="0">
  <testcase name="test" time="11.417" classname="pack1.DataProviderExample"/>
  <testcase name="test" time="14.734" classname="pack1.DataProviderExample"/>
</testsuite> <!-- pack1.DataProviderExample -->
