<?xml version="1.0" encoding="UTF-8"?>
<!-- Generated by org.testng.reporters.JUnitReportReporter -->
<testsuite skipped="0" hostname="pallavi-testing" name="pack1.TestNGAnnotations3" tests="2" failures="0" timestamp="19 Jun 2019 07:10:43 GMT" time="0.002" errors="0">
  <testcase name="f" time="0.001" classname="pack1.TestNGAnnotations3"/>
  <testcase name="f2" time="0.001" classname="pack1.TestNGAnnotations3"/>
</testsuite> <!-- pack1.TestNGAnnotations3 -->
