<?xml version="1.0" encoding="UTF-8"?>
<!-- Generated by org.testng.reporters.JUnitReportReporter -->
<testsuite skipped="0" hostname="pallavi-testing" name="pack1.ParametetsAnnotationExample" tests="1" failures="0" timestamp="22 Jun 2019 12:54:39 GMT" time="7.860" errors="0">
  <testcase name="test" time="7.860" classname="pack1.ParametetsAnnotationExample"/>
</testsuite> <!-- pack1.ParametetsAnnotationExample -->
